<?xml version="1.0" encoding="UTF-8"?>
<testsuite name="com.engine.UnitTestUser" tests="5" skipped="0" failures="0" errors="0" timestamp="2020-10-28T11:46:16" hostname="DESKTOP-HE0B0I9" time="0.522">
  <properties/>
  <testcase name="testAuthorizeUserResultOk()" classname="com.engine.UnitTestUser" time="0.335"/>
  <testcase name="getQuizResultOk()" classname="com.engine.UnitTestUser" time="0.021"/>
  <testcase name="testAuthorizeUserResultBadRequest()" classname="com.engine.UnitTestUser" time="0.015"/>
  <testcase name="testLoadUserByUsernameThrowException()" classname="com.engine.UnitTestUser" time="0.131"/>
  <testcase name="testLoadUserByUsernameReturnUserImpl()" classname="com.engine.UnitTestUser" time="0.01"/>
  <system-out><![CDATA[2020-10-28 14:46:12.222  INFO 7020 --- [    Test worker] .b.t.c.SpringBootTestContextBootstrapper : Neither @ContextConfiguration nor @ContextHierarchy found for test class [com.engine.UnitTestUser], using SpringBootContextLoader
2020-10-28 14:46:12.225  INFO 7020 --- [    Test worker] o.s.t.c.support.AbstractContextLoader    : Could not detect default resource locations for test class [com.engine.UnitTestUser]: no resource found for suffixes {-context.xml, Context.groovy}.
2020-10-28 14:46:12.226  INFO 7020 --- [    Test worker] t.c.s.AnnotationConfigContextLoaderUtils : Could not detect default configuration classes for test class [com.engine.UnitTestUser]: UnitTestUser does not declare any static, non-private, non-final, nested classes annotated with @Configuration.
2020-10-28 14:46:12.233  INFO 7020 --- [    Test worker] .b.t.c.SpringBootTestContextBootstrapper : Found @SpringBootConfiguration com.engine.WebQuizEngine for test class com.engine.UnitTestUser
2020-10-28 14:46:12.239  INFO 7020 --- [    Test worker] .b.t.c.SpringBootTestContextBootstrapper : Loaded default TestExecutionListener class names from location [META-INF/spring.factories]: [org.springframework.security.test.context.support.WithSecurityContextTestExecutionListener, org.springframework.security.test.context.support.ReactorContextTestExecutionListener, org.springframework.boot.test.autoconfigure.restdocs.RestDocsTestExecutionListener, org.springframework.boot.test.autoconfigure.web.client.MockRestServiceServerResetTestExecutionListener, org.springframework.boot.test.autoconfigure.web.servlet.MockMvcPrintOnlyOnFailureTestExecutionListener, org.springframework.boot.test.autoconfigure.web.servlet.WebDriverTestExecutionListener, org.springframework.boot.test.mock.mockito.MockitoTestExecutionListener, org.springframework.boot.test.mock.mockito.ResetMocksTestExecutionListener, org.springframework.test.context.web.ServletTestExecutionListener, org.springframework.test.context.support.DirtiesContextBeforeModesTestExecutionListener, org.springframework.test.context.support.DependencyInjectionTestExecutionListener, org.springframework.test.context.support.DirtiesContextTestExecutionListener, org.springframework.test.context.transaction.TransactionalTestExecutionListener, org.springframework.test.context.jdbc.SqlScriptsTestExecutionListener, org.springframework.test.context.event.EventPublishingTestExecutionListener]
2020-10-28 14:46:12.243  INFO 7020 --- [    Test worker] .b.t.c.SpringBootTestContextBootstrapper : Using TestExecutionListeners: [org.springframework.test.context.web.ServletTestExecutionListener@1ad147cd, org.springframework.test.context.support.DirtiesContextBeforeModesTestExecutionListener@402a13a, org.springframework.boot.test.mock.mockito.MockitoTestExecutionListener@26b18f99, org.springframework.boot.test.autoconfigure.SpringBootDependencyInjectionTestExecutionListener@6f1ce3c7, org.springframework.test.context.support.DirtiesContextTestExecutionListener@7fe33ec6, org.springframework.test.context.transaction.TransactionalTestExecutionListener@6e795b71, org.springframework.test.context.jdbc.SqlScriptsTestExecutionListener@449edc60, org.springframework.security.test.context.support.WithSecurityContextTestExecutionListener@4c940def, org.springframework.test.context.event.EventPublishingTestExecutionListener@2a671fb5, org.springframework.security.test.context.support.ReactorContextTestExecutionListener@e617b5b, org.springframework.boot.test.autoconfigure.restdocs.RestDocsTestExecutionListener@3caedb2b, org.springframework.boot.test.autoconfigure.web.client.MockRestServiceServerResetTestExecutionListener@50b94224, org.springframework.boot.test.autoconfigure.web.servlet.MockMvcPrintOnlyOnFailureTestExecutionListener@42b16531, org.springframework.boot.test.autoconfigure.web.servlet.WebDriverTestExecutionListener@470f659f, org.springframework.boot.test.mock.mockito.ResetMocksTestExecutionListener@db289d6]

  .   ____          _            __ _ _
 /\\ / ___'_ __ _ _(_)_ __  __ _ \ \ \ \
( ( )\___ | '_ | '_| | '_ \/ _` | \ \ \ \
 \\/  ___)| |_)| | | | | || (_| |  ) ) ) )
  '  |____| .__|_| |_|_| |_\__, | / / / /
 =========|_|==============|___/=/_/_/_/
 :: Spring Boot ::        (v2.2.2.RELEASE)

2020-10-28 14:46:12.334  INFO 7020 --- [    Test worker] com.engine.UnitTestUser                  : Starting UnitTestUser on DESKTOP-HE0B0I9 with PID 7020 (started by nefed in C:\Users\nefed\IdeaProjects\web-quiz-engine\Web Quiz Engine\task)
2020-10-28 14:46:12.339  INFO 7020 --- [    Test worker] com.engine.UnitTestUser                  : No active profile set, falling back to default profiles: default
2020-10-28 14:46:13.147  INFO 7020 --- [    Test worker] .s.d.r.c.RepositoryConfigurationDelegate : Bootstrapping Spring Data JPA repositories in DEFAULT mode.
2020-10-28 14:46:13.202  INFO 7020 --- [    Test worker] .s.d.r.c.RepositoryConfigurationDelegate : Finished Spring Data repository scanning in 54ms. Found 3 JPA repository interfaces.
2020-10-28 14:46:13.500  INFO 7020 --- [    Test worker] trationDelegate$BeanPostProcessorChecker : Bean 'org.springframework.transaction.annotation.ProxyTransactionManagementConfiguration' of type [org.springframework.transaction.annotation.ProxyTransactionManagementConfiguration] is not eligible for getting processed by all BeanPostProcessors (for example: not eligible for auto-proxying)
2020-10-28 14:46:13.701  INFO 7020 --- [    Test worker] o.hibernate.jpa.internal.util.LogHelper  : HHH000204: Processing PersistenceUnitInfo [name: default]
2020-10-28 14:46:13.722  INFO 7020 --- [    Test worker] com.zaxxer.hikari.HikariDataSource       : HikariPool-2 - Starting...
2020-10-28 14:46:13.725  INFO 7020 --- [    Test worker] com.zaxxer.hikari.HikariDataSource       : HikariPool-2 - Start completed.
2020-10-28 14:46:13.726  INFO 7020 --- [    Test worker] org.hibernate.dialect.Dialect            : HHH000400: Using dialect: org.hibernate.dialect.H2Dialect
2020-10-28 14:46:13.927  INFO 7020 --- [    Test worker] o.h.e.t.j.p.i.JtaPlatformInitiator       : HHH000490: Using JtaPlatform implementation: [org.hibernate.engine.transaction.jta.platform.internal.NoJtaPlatform]
2020-10-28 14:46:13.927  INFO 7020 --- [    Test worker] j.LocalContainerEntityManagerFactoryBean : Initialized JPA EntityManagerFactory for persistence unit 'default'
2020-10-28 14:46:14.050  WARN 7020 --- [    Test worker] JpaBaseConfiguration$JpaWebConfiguration : spring.jpa.open-in-view is enabled by default. Therefore, database queries may be performed during view rendering. Explicitly configure spring.jpa.open-in-view to disable this warning
2020-10-28 14:46:14.949  INFO 7020 --- [    Test worker] o.s.s.web.DefaultSecurityFilterChain     : Creating filter chain: any request, [org.springframework.security.web.context.request.async.WebAsyncManagerIntegrationFilter@54aae1bc, org.springframework.security.web.context.SecurityContextPersistenceFilter@aca7e04, org.springframework.security.web.header.HeaderWriterFilter@3921c74f, org.springframework.security.web.authentication.logout.LogoutFilter@23277402, org.springframework.security.web.authentication.UsernamePasswordAuthenticationFilter@24581131, org.springframework.security.web.authentication.ui.DefaultLoginPageGeneratingFilter@30161241, org.springframework.security.web.authentication.ui.DefaultLogoutPageGeneratingFilter@e146e32, org.springframework.security.web.authentication.www.BasicAuthenticationFilter@7debb3c3, org.springframework.security.web.savedrequest.RequestCacheAwareFilter@43112124, org.springframework.security.web.servletapi.SecurityContextHolderAwareRequestFilter@743d8db6, org.springframework.security.web.authentication.AnonymousAuthenticationFilter@6a213758, org.springframework.security.web.session.SessionManagementFilter@3c9f0e0e, org.springframework.security.web.access.ExceptionTranslationFilter@52b37425, org.springframework.security.web.access.intercept.FilterSecurityInterceptor@3eb31fa]
2020-10-28 14:46:15.516  INFO 7020 --- [    Test worker] o.s.s.concurrent.ThreadPoolTaskExecutor  : Initializing ExecutorService 'applicationTaskExecutor'
2020-10-28 14:46:16.376  INFO 7020 --- [    Test worker] o.s.b.a.h2.H2ConsoleAutoConfiguration    : H2 console available at '/h2-console'. Database available at 'jdbc:h2:file:../quizdb'
2020-10-28 14:46:16.556  INFO 7020 --- [    Test worker] o.s.b.t.m.w.SpringBootMockServletContext : Initializing Spring TestDispatcherServlet ''
2020-10-28 14:46:16.557  INFO 7020 --- [    Test worker] o.s.t.web.servlet.TestDispatcherServlet  : Initializing Servlet ''
2020-10-28 14:46:16.581  INFO 7020 --- [    Test worker] o.s.b.a.e.web.EndpointLinksResolver      : Exposing 14 endpoint(s) beneath base path '/actuator'
2020-10-28 14:46:16.693  INFO 7020 --- [    Test worker] o.s.t.web.servlet.TestDispatcherServlet  : Completed initialization in 136 ms
2020-10-28 14:46:16.758  INFO 7020 --- [    Test worker] com.engine.UnitTestUser                  : Started UnitTestUser in 4.509 seconds (JVM running for 34.359)
]]></system-out>
  <system-err><![CDATA[]]></system-err>
</testsuite>
