<?xml version="1.0" encoding="UTF-8"?>
<testsuite name="tests.WebQuizEngineTest" tests="1" skipped="0" failures="1" errors="0" timestamp="2020-06-23T16:27:57" hostname="DESKTOP-H0T0QGB" time="6.359">
  <properties/>
  <testcase name="start" classname="tests.WebQuizEngineTest" time="6.359">
    <failure message="java.lang.AssertionError: Wrong answer in test #1&#10;&#10;GET /api/quizzes should respond with status code 200, responded: 401&#10;&#10;Response body:&#10;&#10;{&quot;timestamp&quot;:&quot;2020-06-23T16:28:03.225+0000&quot;,&quot;status&quot;:401,&quot;error&quot;:&quot;Unauthorized&quot;,&quot;message&quot;:&quot;Unauthorized&quot;,&quot;path&quot;:&quot;/api/quizzes&quot;}&#10;&#10;Please find below the output of your program during this failed test.&#10;&#10;---&#10;&#10;&#10;  .   ____          _            __ _ _&#10; /\\ / ___'_ __ _ _(_)_ __  __ _ \ \ \ \&#10;( ( )\___ | '_ | '_| | '_ \/ _` | \ \ \ \&#10; \\/  ___)| |_)| | | | | || (_| |  ) ) ) )&#10;  '  |____| .__|_| |_|_| |_\__, | / / / /&#10; =========|_|==============|___/=/_/_/_/&#10; :: Spring Boot ::        (v2.2.2.RELEASE)&#10;&#10;2020-06-23 19:27:57.610  INFO 11292 --- [    Test worker] engine.WebQuizEngine                     : Starting WebQuizEngine on DESKTOP-H0T0QGB with PID 11292 (started by nefed in C:\Users\nefed\IdeaProjects\Web Quiz Engine1\Web Quiz Engine\task)&#10;2020-06-23 19:27:57.614  INFO 11292 --- [    Test worker] engine.WebQuizEngine                     : No active profile set, falling back to default profiles: default&#10;2020-06-23 19:27:58.610  INFO 11292 --- [    Test worker] .s.d.r.c.RepositoryConfigurationDelegate : Bootstrapping Spring Data JPA repositories in DEFAULT mode.&#10;2020-06-23 19:27:58.695  INFO 11292 --- [    Test worker] .s.d.r.c.RepositoryConfigurationDelegate : Finished Spring Data repository scanning in 74ms. Found 2 JPA repository interfaces.&#10;2020-06-23 19:27:59.185  INFO 11292 --- [    Test worker] trationDelegate$BeanPostProcessorChecker : Bean 'org.springframework.transaction.annotation.ProxyTransactionManagementConfiguration' of type [org.springframework.transaction.annotation.ProxyTransactionManagementConfiguration] is not eligible for getting processed by all BeanPostProcessors (for example: not eligible for auto-proxying)&#10;2020-06-23 19:27:59.452  INFO 11292 --- [    Test worker] o.s.b.w.embedded.tomcat.TomcatWebServer  : Tomcat initialized with port(s): 8889 (http)&#10;2020-06-23 19:27:59.465  INFO 11292 --- [    Test worker] o.apache.catalina.core.StandardService   : Starting service [Tomcat]&#10;2020-06-23 19:27:59.466  INFO 11292 --- [    Test worker] org.apache.catalina.core.StandardEngine  : Starting Servlet engine: [Apache Tomcat/9.0.29]&#10;2020-06-23 19:27:59.605  INFO 11292 --- [    Test worker] o.a.c.c.C.[Tomcat].[localhost].[/]       : Initializing Spring embedded WebApplicationContext&#10;2020-06-23 19:27:59.606  INFO 11292 --- [    Test worker] o.s.web.context.ContextLoader            : Root WebApplicationContext: initialization completed in 1946 ms&#10;2020-06-23 19:27:59.741  INFO 11292 --- [    Test worker] com.zaxxer.hikari.HikariDataSource       : HikariPool-1 - Starting...&#10;2020-06-23 19:27:59.964  INFO 11292 --- [    Test worker] com.zaxxer.hikari.HikariDataSource       : HikariPool-1 - Start completed.&#10;2020-06-23 19:27:59.972  INFO 11292 --- [    Test worker] o.s.b.a.h2.H2ConsoleAutoConfiguration    : H2 console available at '/h2-console'. Database available at 'jdbc:h2:file:../quizdb'&#10;2020-06-23 19:28:00.300  INFO 11292 --- [    Test worker] o.hibernate.jpa.internal.util.LogHelper  : HHH000204: Processing PersistenceUnitInfo [name: default]&#10;2020-06-23 19:28:00.396  INFO 11292 --- [    Test worker] org.hibernate.Version                    : HHH000412: Hibernate Core {5.4.9.Final}&#10;2020-06-23 19:28:00.568  INFO 11292 --- [    Test worker] o.hibernate.annotations.common.Version   : HCANN000001: Hibernate Commons Annotations {5.1.0.Final}&#10;2020-06-23 19:28:00.704  INFO 11292 --- [    Test worker] org.hibernate.dialect.Dialect            : HHH000400: Using dialect: org.hibernate.dialect.H2Dialect&#10;2020-06-23 19:28:01.630  INFO 11292 --- [    Test worker] o.h.e.t.j.p.i.JtaPlatformInitiator       : HHH000490: Using JtaPlatform implementation: [org.hibernate.engine.transaction.jta.platform.internal.NoJtaPlatform]&#10;2020-06-23 19:28:01.640  INFO 11292 --- [    Test worker] j.LocalContainerEntityManagerFactoryBean : Initialized JPA EntityManagerFactory for persistence unit 'default'&#10;2020-06-23 19:28:01.689  WARN 11292 --- [    Test worker] JpaBaseConfiguration$JpaWebConfiguration : spring.jpa.open-in-view is enabled by default. Therefore, database queries may be performed during view rendering. Explicitly configure spring.jpa.open-in-view to disable this warning&#10;2020-06-23 19:28:02.251  INFO 11292 --- [    Test worker] o.s.s.web.DefaultSecurityFilterChain     : Creating filter chain: any request, [org.springframework.security.web.context.request.async.WebAsyncManagerIntegrationFilter@6f70220b, org.springframework.security.web.context.SecurityContextPersistenceFilter@85e0202, org.springframework.security.web.header.HeaderWriterFilter@68b842cf, org.springframework.security.web.authentication.logout.LogoutFilter@4bbf29c9, org.springframework.security.web.authentication.www.BasicAuthenticationFilter@215d40cd, org.springframework.security.web.savedrequest.RequestCacheAwareFilter@5fe233e0, org.springframework.security.web.servletapi.SecurityContextHolderAwareRequestFilter@719c7e60, org.springframework.security.web.authentication.AnonymousAuthenticationFilter@26008be3, org.springframework.security.web.session.SessionManagementFilter@16ea20a6, org.springframework.security.web.access.ExceptionTranslationFilter@2196b356, org.springframework.security.web.access.intercept.FilterSecurityInterceptor@53e052c0]&#10;2020-06-23 19:28:02.388  INFO 11292 --- [    Test worker] o.s.s.concurrent.ThreadPoolTaskExecutor  : Initializing ExecutorService 'applicationTaskExecutor'&#10;2020-06-23 19:28:02.676  INFO 11292 --- [    Test worker] o.s.b.a.e.web.EndpointLinksResolver      : Exposing 14 endpoint(s) beneath base path '/actuator'&#10;2020-06-23 19:28:02.743  INFO 11292 --- [    Test worker] o.s.b.w.embedded.tomcat.TomcatWebServer  : Tomcat started on port(s): 8889 (http) with context path ''&#10;2020-06-23 19:28:02.746  INFO 11292 --- [    Test worker] engine.WebQuizEngine                     : Started WebQuizEngine in 5.531 seconds (JVM running for 6.537)&#10;2020-06-23 19:28:03.088  INFO 11292 --- [nio-8889-exec-1] o.a.c.c.C.[Tomcat].[localhost].[/]       : Initializing Spring DispatcherServlet 'dispatcherServlet'&#10;2020-06-23 19:28:03.089  INFO 11292 --- [nio-8889-exec-1] o.s.web.servlet.DispatcherServlet        : Initializing Servlet 'dispatcherServlet'&#10;2020-06-23 19:28:03.097  INFO 11292 --- [nio-8889-exec-1] o.s.web.servlet.DispatcherServlet        : Completed initialization in 8 ms" type="java.lang.AssertionError">java.lang.AssertionError: Wrong answer in test #1

GET /api/quizzes should respond with status code 200, responded: 401

Response body:

{&quot;timestamp&quot;:&quot;2020-06-23T16:28:03.225+0000&quot;,&quot;status&quot;:401,&quot;error&quot;:&quot;Unauthorized&quot;,&quot;message&quot;:&quot;Unauthorized&quot;,&quot;path&quot;:&quot;/api/quizzes&quot;}

Please find below the output of your program during this failed test.

---


  .   ____          _            __ _ _
 /\\ / ___'_ __ _ _(_)_ __  __ _ \ \ \ \
( ( )\___ | '_ | '_| | '_ \/ _` | \ \ \ \
 \\/  ___)| |_)| | | | | || (_| |  ) ) ) )
  '  |____| .__|_| |_|_| |_\__, | / / / /
 =========|_|==============|___/=/_/_/_/
 :: Spring Boot ::        (v2.2.2.RELEASE)

2020-06-23 19:27:57.610  INFO 11292 --- [    Test worker] engine.WebQuizEngine                     : Starting WebQuizEngine on DESKTOP-H0T0QGB with PID 11292 (started by nefed in C:\Users\nefed\IdeaProjects\Web Quiz Engine1\Web Quiz Engine\task)
2020-06-23 19:27:57.614  INFO 11292 --- [    Test worker] engine.WebQuizEngine                     : No active profile set, falling back to default profiles: default
2020-06-23 19:27:58.610  INFO 11292 --- [    Test worker] .s.d.r.c.RepositoryConfigurationDelegate : Bootstrapping Spring Data JPA repositories in DEFAULT mode.
2020-06-23 19:27:58.695  INFO 11292 --- [    Test worker] .s.d.r.c.RepositoryConfigurationDelegate : Finished Spring Data repository scanning in 74ms. Found 2 JPA repository interfaces.
2020-06-23 19:27:59.185  INFO 11292 --- [    Test worker] trationDelegate$BeanPostProcessorChecker : Bean 'org.springframework.transaction.annotation.ProxyTransactionManagementConfiguration' of type [org.springframework.transaction.annotation.ProxyTransactionManagementConfiguration] is not eligible for getting processed by all BeanPostProcessors (for example: not eligible for auto-proxying)
2020-06-23 19:27:59.452  INFO 11292 --- [    Test worker] o.s.b.w.embedded.tomcat.TomcatWebServer  : Tomcat initialized with port(s): 8889 (http)
2020-06-23 19:27:59.465  INFO 11292 --- [    Test worker] o.apache.catalina.core.StandardService   : Starting service [Tomcat]
2020-06-23 19:27:59.466  INFO 11292 --- [    Test worker] org.apache.catalina.core.StandardEngine  : Starting Servlet engine: [Apache Tomcat/9.0.29]
2020-06-23 19:27:59.605  INFO 11292 --- [    Test worker] o.a.c.c.C.[Tomcat].[localhost].[/]       : Initializing Spring embedded WebApplicationContext
2020-06-23 19:27:59.606  INFO 11292 --- [    Test worker] o.s.web.context.ContextLoader            : Root WebApplicationContext: initialization completed in 1946 ms
2020-06-23 19:27:59.741  INFO 11292 --- [    Test worker] com.zaxxer.hikari.HikariDataSource       : HikariPool-1 - Starting...
2020-06-23 19:27:59.964  INFO 11292 --- [    Test worker] com.zaxxer.hikari.HikariDataSource       : HikariPool-1 - Start completed.
2020-06-23 19:27:59.972  INFO 11292 --- [    Test worker] o.s.b.a.h2.H2ConsoleAutoConfiguration    : H2 console available at '/h2-console'. Database available at 'jdbc:h2:file:../quizdb'
2020-06-23 19:28:00.300  INFO 11292 --- [    Test worker] o.hibernate.jpa.internal.util.LogHelper  : HHH000204: Processing PersistenceUnitInfo [name: default]
2020-06-23 19:28:00.396  INFO 11292 --- [    Test worker] org.hibernate.Version                    : HHH000412: Hibernate Core {5.4.9.Final}
2020-06-23 19:28:00.568  INFO 11292 --- [    Test worker] o.hibernate.annotations.common.Version   : HCANN000001: Hibernate Commons Annotations {5.1.0.Final}
2020-06-23 19:28:00.704  INFO 11292 --- [    Test worker] org.hibernate.dialect.Dialect            : HHH000400: Using dialect: org.hibernate.dialect.H2Dialect
2020-06-23 19:28:01.630  INFO 11292 --- [    Test worker] o.h.e.t.j.p.i.JtaPlatformInitiator       : HHH000490: Using JtaPlatform implementation: [org.hibernate.engine.transaction.jta.platform.internal.NoJtaPlatform]
2020-06-23 19:28:01.640  INFO 11292 --- [    Test worker] j.LocalContainerEntityManagerFactoryBean : Initialized JPA EntityManagerFactory for persistence unit 'default'
2020-06-23 19:28:01.689  WARN 11292 --- [    Test worker] JpaBaseConfiguration$JpaWebConfiguration : spring.jpa.open-in-view is enabled by default. Therefore, database queries may be performed during view rendering. Explicitly configure spring.jpa.open-in-view to disable this warning
2020-06-23 19:28:02.251  INFO 11292 --- [    Test worker] o.s.s.web.DefaultSecurityFilterChain     : Creating filter chain: any request, [org.springframework.security.web.context.request.async.WebAsyncManagerIntegrationFilter@6f70220b, org.springframework.security.web.context.SecurityContextPersistenceFilter@85e0202, org.springframework.security.web.header.HeaderWriterFilter@68b842cf, org.springframework.security.web.authentication.logout.LogoutFilter@4bbf29c9, org.springframework.security.web.authentication.www.BasicAuthenticationFilter@215d40cd, org.springframework.security.web.savedrequest.RequestCacheAwareFilter@5fe233e0, org.springframework.security.web.servletapi.SecurityContextHolderAwareRequestFilter@719c7e60, org.springframework.security.web.authentication.AnonymousAuthenticationFilter@26008be3, org.springframework.security.web.session.SessionManagementFilter@16ea20a6, org.springframework.security.web.access.ExceptionTranslationFilter@2196b356, org.springframework.security.web.access.intercept.FilterSecurityInterceptor@53e052c0]
2020-06-23 19:28:02.388  INFO 11292 --- [    Test worker] o.s.s.concurrent.ThreadPoolTaskExecutor  : Initializing ExecutorService 'applicationTaskExecutor'
2020-06-23 19:28:02.676  INFO 11292 --- [    Test worker] o.s.b.a.e.web.EndpointLinksResolver      : Exposing 14 endpoint(s) beneath base path '/actuator'
2020-06-23 19:28:02.743  INFO 11292 --- [    Test worker] o.s.b.w.embedded.tomcat.TomcatWebServer  : Tomcat started on port(s): 8889 (http) with context path ''
2020-06-23 19:28:02.746  INFO 11292 --- [    Test worker] engine.WebQuizEngine                     : Started WebQuizEngine in 5.531 seconds (JVM running for 6.537)
2020-06-23 19:28:03.088  INFO 11292 --- [nio-8889-exec-1] o.a.c.c.C.[Tomcat].[localhost].[/]       : Initializing Spring DispatcherServlet 'dispatcherServlet'
2020-06-23 19:28:03.089  INFO 11292 --- [nio-8889-exec-1] o.s.web.servlet.DispatcherServlet        : Initializing Servlet 'dispatcherServlet'
2020-06-23 19:28:03.097  INFO 11292 --- [nio-8889-exec-1] o.s.web.servlet.DispatcherServlet        : Completed initialization in 8 ms
	at org.junit.Assert.fail(Assert.java:88)
	at org.hyperskill.hstest.stage.StageTest.start(StageTest.java:102)
	at java.base/jdk.internal.reflect.NativeMethodAccessorImpl.invoke0(Native Method)
	at java.base/jdk.internal.reflect.NativeMethodAccessorImpl.invoke(NativeMethodAccessorImpl.java:62)
	at java.base/jdk.internal.reflect.DelegatingMethodAccessorImpl.invoke(DelegatingMethodAccessorImpl.java:43)
	at java.base/java.lang.reflect.Method.invoke(Method.java:566)
	at org.junit.runners.model.FrameworkMethod$1.runReflectiveCall(FrameworkMethod.java:50)
	at org.junit.internal.runners.model.ReflectiveCallable.run(ReflectiveCallable.java:12)
	at org.junit.runners.model.FrameworkMethod.invokeExplosively(FrameworkMethod.java:47)
	at org.junit.internal.runners.statements.InvokeMethod.evaluate(InvokeMethod.java:17)
	at org.junit.internal.runners.statements.RunAfters.evaluate(RunAfters.java:27)
	at org.junit.runners.ParentRunner.runLeaf(ParentRunner.java:325)
	at org.junit.runners.BlockJUnit4ClassRunner.runChild(BlockJUnit4ClassRunner.java:78)
	at org.junit.runners.BlockJUnit4ClassRunner.runChild(BlockJUnit4ClassRunner.java:57)
	at org.junit.runners.ParentRunner$3.run(ParentRunner.java:290)
	at org.junit.runners.ParentRunner$1.schedule(ParentRunner.java:71)
	at org.junit.runners.ParentRunner.runChildren(ParentRunner.java:288)
	at org.junit.runners.ParentRunner.access$000(ParentRunner.java:58)
	at org.junit.runners.ParentRunner$2.evaluate(ParentRunner.java:268)
	at org.junit.runners.ParentRunner.run(ParentRunner.java:363)
	at org.gradle.api.internal.tasks.testing.junit.JUnitTestClassExecutor.runTestClass(JUnitTestClassExecutor.java:110)
	at org.gradle.api.internal.tasks.testing.junit.JUnitTestClassExecutor.execute(JUnitTestClassExecutor.java:58)
	at org.gradle.api.internal.tasks.testing.junit.JUnitTestClassExecutor.execute(JUnitTestClassExecutor.java:38)
	at org.gradle.api.internal.tasks.testing.junit.AbstractJUnitTestClassProcessor.processTestClass(AbstractJUnitTestClassProcessor.java:62)
	at org.gradle.api.internal.tasks.testing.SuiteTestClassProcessor.processTestClass(SuiteTestClassProcessor.java:51)
	at java.base/jdk.internal.reflect.NativeMethodAccessorImpl.invoke0(Native Method)
	at java.base/jdk.internal.reflect.NativeMethodAccessorImpl.invoke(NativeMethodAccessorImpl.java:62)
	at java.base/jdk.internal.reflect.DelegatingMethodAccessorImpl.invoke(DelegatingMethodAccessorImpl.java:43)
	at java.base/java.lang.reflect.Method.invoke(Method.java:566)
	at org.gradle.internal.dispatch.ReflectionDispatch.dispatch(ReflectionDispatch.java:35)
	at org.gradle.internal.dispatch.ReflectionDispatch.dispatch(ReflectionDispatch.java:24)
	at org.gradle.internal.dispatch.ContextClassLoaderDispatch.dispatch(ContextClassLoaderDispatch.java:32)
	at org.gradle.internal.dispatch.ProxyDispatchAdapter$DispatchingInvocationHandler.invoke(ProxyDispatchAdapter.java:93)
	at com.sun.proxy.$Proxy2.processTestClass(Unknown Source)
	at org.gradle.api.internal.tasks.testing.worker.TestWorker.processTestClass(TestWorker.java:118)
	at java.base/jdk.internal.reflect.NativeMethodAccessorImpl.invoke0(Native Method)
	at java.base/jdk.internal.reflect.NativeMethodAccessorImpl.invoke(NativeMethodAccessorImpl.java:62)
	at java.base/jdk.internal.reflect.DelegatingMethodAccessorImpl.invoke(DelegatingMethodAccessorImpl.java:43)
	at java.base/java.lang.reflect.Method.invoke(Method.java:566)
	at org.gradle.internal.dispatch.ReflectionDispatch.dispatch(ReflectionDispatch.java:35)
	at org.gradle.internal.dispatch.ReflectionDispatch.dispatch(ReflectionDispatch.java:24)
	at org.gradle.internal.remote.internal.hub.MessageHubBackedObjectConnection$DispatchWrapper.dispatch(MessageHubBackedObjectConnection.java:175)
	at org.gradle.internal.remote.internal.hub.MessageHubBackedObjectConnection$DispatchWrapper.dispatch(MessageHubBackedObjectConnection.java:157)
	at org.gradle.internal.remote.internal.hub.MessageHub$Handler.run(MessageHub.java:404)
	at org.gradle.internal.concurrent.ExecutorPolicy$CatchAndRecordFailures.onExecute(ExecutorPolicy.java:63)
	at org.gradle.internal.concurrent.ManagedExecutorImpl$1.run(ManagedExecutorImpl.java:46)
	at java.base/java.util.concurrent.ThreadPoolExecutor.runWorker(ThreadPoolExecutor.java:1128)
	at java.base/java.util.concurrent.ThreadPoolExecutor$Worker.run(ThreadPoolExecutor.java:628)
	at org.gradle.internal.concurrent.ThreadFactoryImpl$ManagedThreadRunnable.run(ThreadFactoryImpl.java:55)
	at java.base/java.lang.Thread.run(Thread.java:834)
</failure>
  </testcase>
  <system-out><![CDATA[?[1;31m
Start test 1?[0m

  .   ____          _            __ _ _
 /\\ / ___'_ __ _ _(_)_ __  __ _ \ \ \ \
( ( )\___ | '_ | '_| | '_ \/ _` | \ \ \ \
 \\/  ___)| |_)| | | | | || (_| |  ) ) ) )
  '  |____| .__|_| |_|_| |_\__, | / / / /
 =========|_|==============|___/=/_/_/_/
 :: Spring Boot ::        (v2.2.2.RELEASE)

2020-06-23 19:27:57.610  INFO 11292 --- [    Test worker] engine.WebQuizEngine                     : Starting WebQuizEngine on DESKTOP-H0T0QGB with PID 11292 (started by nefed in C:\Users\nefed\IdeaProjects\Web Quiz Engine1\Web Quiz Engine\task)
2020-06-23 19:27:57.614  INFO 11292 --- [    Test worker] engine.WebQuizEngine                     : No active profile set, falling back to default profiles: default
2020-06-23 19:27:58.610  INFO 11292 --- [    Test worker] .s.d.r.c.RepositoryConfigurationDelegate : Bootstrapping Spring Data JPA repositories in DEFAULT mode.
2020-06-23 19:27:58.695  INFO 11292 --- [    Test worker] .s.d.r.c.RepositoryConfigurationDelegate : Finished Spring Data repository scanning in 74ms. Found 2 JPA repository interfaces.
2020-06-23 19:27:59.185  INFO 11292 --- [    Test worker] trationDelegate$BeanPostProcessorChecker : Bean 'org.springframework.transaction.annotation.ProxyTransactionManagementConfiguration' of type [org.springframework.transaction.annotation.ProxyTransactionManagementConfiguration] is not eligible for getting processed by all BeanPostProcessors (for example: not eligible for auto-proxying)
2020-06-23 19:27:59.452  INFO 11292 --- [    Test worker] o.s.b.w.embedded.tomcat.TomcatWebServer  : Tomcat initialized with port(s): 8889 (http)
2020-06-23 19:27:59.465  INFO 11292 --- [    Test worker] o.apache.catalina.core.StandardService   : Starting service [Tomcat]
2020-06-23 19:27:59.466  INFO 11292 --- [    Test worker] org.apache.catalina.core.StandardEngine  : Starting Servlet engine: [Apache Tomcat/9.0.29]
2020-06-23 19:27:59.605  INFO 11292 --- [    Test worker] o.a.c.c.C.[Tomcat].[localhost].[/]       : Initializing Spring embedded WebApplicationContext
2020-06-23 19:27:59.606  INFO 11292 --- [    Test worker] o.s.web.context.ContextLoader            : Root WebApplicationContext: initialization completed in 1946 ms
2020-06-23 19:27:59.741  INFO 11292 --- [    Test worker] com.zaxxer.hikari.HikariDataSource       : HikariPool-1 - Starting...
2020-06-23 19:27:59.964  INFO 11292 --- [    Test worker] com.zaxxer.hikari.HikariDataSource       : HikariPool-1 - Start completed.
2020-06-23 19:27:59.972  INFO 11292 --- [    Test worker] o.s.b.a.h2.H2ConsoleAutoConfiguration    : H2 console available at '/h2-console'. Database available at 'jdbc:h2:file:../quizdb'
2020-06-23 19:28:00.300  INFO 11292 --- [    Test worker] o.hibernate.jpa.internal.util.LogHelper  : HHH000204: Processing PersistenceUnitInfo [name: default]
2020-06-23 19:28:00.396  INFO 11292 --- [    Test worker] org.hibernate.Version                    : HHH000412: Hibernate Core {5.4.9.Final}
2020-06-23 19:28:00.568  INFO 11292 --- [    Test worker] o.hibernate.annotations.common.Version   : HCANN000001: Hibernate Commons Annotations {5.1.0.Final}
2020-06-23 19:28:00.704  INFO 11292 --- [    Test worker] org.hibernate.dialect.Dialect            : HHH000400: Using dialect: org.hibernate.dialect.H2Dialect
2020-06-23 19:28:01.630  INFO 11292 --- [    Test worker] o.h.e.t.j.p.i.JtaPlatformInitiator       : HHH000490: Using JtaPlatform implementation: [org.hibernate.engine.transaction.jta.platform.internal.NoJtaPlatform]
2020-06-23 19:28:01.640  INFO 11292 --- [    Test worker] j.LocalContainerEntityManagerFactoryBean : Initialized JPA EntityManagerFactory for persistence unit 'default'
2020-06-23 19:28:01.689  WARN 11292 --- [    Test worker] JpaBaseConfiguration$JpaWebConfiguration : spring.jpa.open-in-view is enabled by default. Therefore, database queries may be performed during view rendering. Explicitly configure spring.jpa.open-in-view to disable this warning
2020-06-23 19:28:02.251  INFO 11292 --- [    Test worker] o.s.s.web.DefaultSecurityFilterChain     : Creating filter chain: any request, [org.springframework.security.web.context.request.async.WebAsyncManagerIntegrationFilter@6f70220b, org.springframework.security.web.context.SecurityContextPersistenceFilter@85e0202, org.springframework.security.web.header.HeaderWriterFilter@68b842cf, org.springframework.security.web.authentication.logout.LogoutFilter@4bbf29c9, org.springframework.security.web.authentication.www.BasicAuthenticationFilter@215d40cd, org.springframework.security.web.savedrequest.RequestCacheAwareFilter@5fe233e0, org.springframework.security.web.servletapi.SecurityContextHolderAwareRequestFilter@719c7e60, org.springframework.security.web.authentication.AnonymousAuthenticationFilter@26008be3, org.springframework.security.web.session.SessionManagementFilter@16ea20a6, org.springframework.security.web.access.ExceptionTranslationFilter@2196b356, org.springframework.security.web.access.intercept.FilterSecurityInterceptor@53e052c0]
2020-06-23 19:28:02.388  INFO 11292 --- [    Test worker] o.s.s.concurrent.ThreadPoolTaskExecutor  : Initializing ExecutorService 'applicationTaskExecutor'
2020-06-23 19:28:02.676  INFO 11292 --- [    Test worker] o.s.b.a.e.web.EndpointLinksResolver      : Exposing 14 endpoint(s) beneath base path '/actuator'
2020-06-23 19:28:02.743  INFO 11292 --- [    Test worker] o.s.b.w.embedded.tomcat.TomcatWebServer  : Tomcat started on port(s): 8889 (http) with context path ''
2020-06-23 19:28:02.746  INFO 11292 --- [    Test worker] engine.WebQuizEngine                     : Started WebQuizEngine in 5.531 seconds (JVM running for 6.537)
2020-06-23 19:28:03.088  INFO 11292 --- [nio-8889-exec-1] o.a.c.c.C.[Tomcat].[localhost].[/]       : Initializing Spring DispatcherServlet 'dispatcherServlet'
2020-06-23 19:28:03.089  INFO 11292 --- [nio-8889-exec-1] o.s.web.servlet.DispatcherServlet        : Initializing Servlet 'dispatcherServlet'
2020-06-23 19:28:03.097  INFO 11292 --- [nio-8889-exec-1] o.s.web.servlet.DispatcherServlet        : Completed initialization in 8 ms
]]></system-out>
  <system-err><![CDATA[]]></system-err>
</testsuite>
