<?xml version="1.0" encoding="UTF-8"?>
<testsuite name="com.engine.UnitTestQuiz" tests="17" skipped="0" failures="0" errors="0" timestamp="2020-10-28T10:57:13" hostname="DESKTOP-HE0B0I9" time="1.186">
  <properties/>
  <testcase name="getQuizResultOk()" classname="com.engine.UnitTestQuiz" time="0.456"/>
  <testcase name="getQuizResultNotFound()" classname="com.engine.UnitTestQuiz" time="0.024"/>
  <testcase name="solveQuizResultOkIncorrectAnswer()" classname="com.engine.UnitTestQuiz" time="0.123"/>
  <testcase name="getAllQuizzesResultEmptyList()" classname="com.engine.UnitTestQuiz" time="0.103"/>
  <testcase name="getCompletedQuizzesResultTwoElements()" classname="com.engine.UnitTestQuiz" time="0.048"/>
  <testcase name="getAllQuizzesResultTwoElementsOnePage()" classname="com.engine.UnitTestQuiz" time="0.032"/>
  <testcase name="getCompletedQuizzesPagesNumberTwoResultEmptyContent()" classname="com.engine.UnitTestQuiz" time="0.023"/>
  <testcase name="deleteQuizForbidden()" classname="com.engine.UnitTestQuiz" time="0.019"/>
  <testcase name="deleteQuizNoContent()" classname="com.engine.UnitTestQuiz" time="0.019"/>
  <testcase name="updateQuizTestQuizForbidden()" classname="com.engine.UnitTestQuiz" time="0.113"/>
  <testcase name="updateQuizTestResultOk()" classname="com.engine.UnitTestQuiz" time="0.023"/>
  <testcase name="updateQuizTestQuizNotFound()" classname="com.engine.UnitTestQuiz" time="0.013"/>
  <testcase name="postQuizNegativeTitleBlank()" classname="com.engine.UnitTestQuiz" time="0.063"/>
  <testcase name="deleteQuizNotFound()" classname="com.engine.UnitTestQuiz" time="0.014"/>
  <testcase name="postQuizResultOk()" classname="com.engine.UnitTestQuiz" time="0.017"/>
  <testcase name="solveQuizResultOkCorrectAnswer()" classname="com.engine.UnitTestQuiz" time="0.019"/>
  <testcase name="getAllQuizzesCompletedResultEmptyList()" classname="com.engine.UnitTestQuiz" time="0.018"/>
  <system-out><![CDATA[13:56:55.855 [Test worker] DEBUG org.springframework.test.context.BootstrapUtils - Instantiating CacheAwareContextLoaderDelegate from class [org.springframework.test.context.cache.DefaultCacheAwareContextLoaderDelegate]
13:56:55.913 [Test worker] DEBUG org.springframework.test.context.BootstrapUtils - Instantiating BootstrapContext using constructor [public org.springframework.test.context.support.DefaultBootstrapContext(java.lang.Class,org.springframework.test.context.CacheAwareContextLoaderDelegate)]
13:56:56.015 [Test worker] DEBUG org.springframework.test.context.BootstrapUtils - Instantiating TestContextBootstrapper for test class [com.engine.UnitTestQuiz] from class [org.springframework.boot.test.context.SpringBootTestContextBootstrapper]
13:56:56.048 [Test worker] INFO org.springframework.boot.test.context.SpringBootTestContextBootstrapper - Neither @ContextConfiguration nor @ContextHierarchy found for test class [com.engine.UnitTestQuiz], using SpringBootContextLoader
13:56:56.060 [Test worker] DEBUG org.springframework.test.context.support.AbstractContextLoader - Did not detect default resource location for test class [com.engine.UnitTestQuiz]: class path resource [com/engine/UnitTestQuiz-context.xml] does not exist
13:56:56.062 [Test worker] DEBUG org.springframework.test.context.support.AbstractContextLoader - Did not detect default resource location for test class [com.engine.UnitTestQuiz]: class path resource [com/engine/UnitTestQuizContext.groovy] does not exist
13:56:56.062 [Test worker] INFO org.springframework.test.context.support.AbstractContextLoader - Could not detect default resource locations for test class [com.engine.UnitTestQuiz]: no resource found for suffixes {-context.xml, Context.groovy}.
13:56:56.064 [Test worker] INFO org.springframework.test.context.support.AnnotationConfigContextLoaderUtils - Could not detect default configuration classes for test class [com.engine.UnitTestQuiz]: UnitTestQuiz does not declare any static, non-private, non-final, nested classes annotated with @Configuration.
13:56:56.356 [Test worker] DEBUG org.springframework.context.annotation.ClassPathScanningCandidateComponentProvider - Identified candidate component class: file [C:\Users\nefed\IdeaProjects\web-quiz-engine\Web Quiz Engine\task\build\classes\java\main\com\engine\WebQuizEngine.class]
13:56:56.358 [Test worker] INFO org.springframework.boot.test.context.SpringBootTestContextBootstrapper - Found @SpringBootConfiguration com.engine.WebQuizEngine for test class com.engine.UnitTestQuiz
13:56:56.541 [Test worker] DEBUG org.springframework.boot.test.context.SpringBootTestContextBootstrapper - @TestExecutionListeners is not present for class [com.engine.UnitTestQuiz]: using defaults.
13:56:56.542 [Test worker] INFO org.springframework.boot.test.context.SpringBootTestContextBootstrapper - Loaded default TestExecutionListener class names from location [META-INF/spring.factories]: [org.springframework.security.test.context.support.WithSecurityContextTestExecutionListener, org.springframework.security.test.context.support.ReactorContextTestExecutionListener, org.springframework.boot.test.autoconfigure.restdocs.RestDocsTestExecutionListener, org.springframework.boot.test.autoconfigure.web.client.MockRestServiceServerResetTestExecutionListener, org.springframework.boot.test.autoconfigure.web.servlet.MockMvcPrintOnlyOnFailureTestExecutionListener, org.springframework.boot.test.autoconfigure.web.servlet.WebDriverTestExecutionListener, org.springframework.boot.test.mock.mockito.MockitoTestExecutionListener, org.springframework.boot.test.mock.mockito.ResetMocksTestExecutionListener, org.springframework.test.context.web.ServletTestExecutionListener, org.springframework.test.context.support.DirtiesContextBeforeModesTestExecutionListener, org.springframework.test.context.support.DependencyInjectionTestExecutionListener, org.springframework.test.context.support.DirtiesContextTestExecutionListener, org.springframework.test.context.transaction.TransactionalTestExecutionListener, org.springframework.test.context.jdbc.SqlScriptsTestExecutionListener, org.springframework.test.context.event.EventPublishingTestExecutionListener]
13:56:56.604 [Test worker] INFO org.springframework.boot.test.context.SpringBootTestContextBootstrapper - Using TestExecutionListeners: [org.springframework.test.context.web.ServletTestExecutionListener@1bbdf086, org.springframework.test.context.support.DirtiesContextBeforeModesTestExecutionListener@5caf6b16, org.springframework.boot.test.mock.mockito.MockitoTestExecutionListener@1302c4b9, org.springframework.boot.test.autoconfigure.SpringBootDependencyInjectionTestExecutionListener@5c7c66f0, org.springframework.test.context.support.DirtiesContextTestExecutionListener@28319439, org.springframework.test.context.transaction.TransactionalTestExecutionListener@f61bdf2, org.springframework.test.context.jdbc.SqlScriptsTestExecutionListener@a4387ab, org.springframework.security.test.context.support.WithSecurityContextTestExecutionListener@35b73bf5, org.springframework.test.context.event.EventPublishingTestExecutionListener@1183f126, org.springframework.security.test.context.support.ReactorContextTestExecutionListener@138f40c9, org.springframework.boot.test.autoconfigure.restdocs.RestDocsTestExecutionListener@567e3cc, org.springframework.boot.test.autoconfigure.web.client.MockRestServiceServerResetTestExecutionListener@9830806, org.springframework.boot.test.autoconfigure.web.servlet.MockMvcPrintOnlyOnFailureTestExecutionListener@707c2d1, org.springframework.boot.test.autoconfigure.web.servlet.WebDriverTestExecutionListener@6ee753f0, org.springframework.boot.test.mock.mockito.ResetMocksTestExecutionListener@5424b463]
13:56:56.613 [Test worker] DEBUG org.springframework.test.context.support.AbstractDirtiesContextTestExecutionListener - Before test class: context [DefaultTestContext@2eec2865 testClass = UnitTestQuiz, testInstance = [null], testMethod = [null], testException = [null], mergedContextConfiguration = [WebMergedContextConfiguration@43e80a8d testClass = UnitTestQuiz, locations = '{}', classes = '{class com.engine.WebQuizEngine}', contextInitializerClasses = '[]', activeProfiles = '{test}', propertySourceLocations = '{}', propertySourceProperties = '{org.springframework.boot.test.context.SpringBootTestContextBootstrapper=true}', contextCustomizers = set[org.springframework.boot.test.autoconfigure.properties.PropertyMappingContextCustomizer@4b3fa0b3, org.springframework.boot.test.autoconfigure.web.servlet.WebDriverContextCustomizerFactory$Customizer@48518d29, [ImportsContextCustomizer@6ef37d56 key = [org.springframework.boot.test.autoconfigure.web.servlet.MockMvcAutoConfiguration, org.springframework.boot.test.autoconfigure.web.servlet.MockMvcWebClientAutoConfiguration, org.springframework.boot.test.autoconfigure.web.servlet.MockMvcWebDriverAutoConfiguration, org.springframework.boot.autoconfigure.security.servlet.SecurityAutoConfiguration, org.springframework.boot.autoconfigure.security.servlet.UserDetailsServiceAutoConfiguration, org.springframework.boot.test.autoconfigure.web.servlet.MockMvcSecurityConfiguration]], org.springframework.boot.test.context.filter.ExcludeFilterContextCustomizer@1bfb04ed, org.springframework.boot.test.json.DuplicateJsonObjectContextCustomizerFactory$DuplicateJsonObjectContextCustomizer@2afdb8e7, org.springframework.boot.test.mock.mockito.MockitoContextCustomizer@ff9187bc, org.springframework.boot.test.web.client.TestRestTemplateContextCustomizer@5b189b27], resourceBasePath = 'src/main/webapp', contextLoader = 'org.springframework.boot.test.context.SpringBootContextLoader', parent = [null]], attributes = map['org.springframework.test.context.web.ServletTestExecutionListener.activateListener' -> true]], class annotated with @DirtiesContext [false] with mode [null].
13:56:56.686 [Test worker] DEBUG org.springframework.test.context.support.TestPropertySourceUtils - Adding inlined properties to environment: {spring.jmx.enabled=false, org.springframework.boot.test.context.SpringBootTestContextBootstrapper=true, server.port=-1}

  .   ____          _            __ _ _
 /\\ / ___'_ __ _ _(_)_ __  __ _ \ \ \ \
( ( )\___ | '_ | '_| | '_ \/ _` | \ \ \ \
 \\/  ___)| |_)| | | | | || (_| |  ) ) ) )
  '  |____| .__|_| |_|_| |_\__, | / / / /
 =========|_|==============|___/=/_/_/_/
 :: Spring Boot ::        (v2.2.2.RELEASE)

2020-10-28 13:56:57.944  INFO 8512 --- [    Test worker] com.engine.UnitTestQuiz                  : Starting UnitTestQuiz on DESKTOP-HE0B0I9 with PID 8512 (started by nefed in C:\Users\nefed\IdeaProjects\web-quiz-engine\Web Quiz Engine\task)
2020-10-28 13:56:57.948  INFO 8512 --- [    Test worker] com.engine.UnitTestQuiz                  : The following profiles are active: test
2020-10-28 13:57:00.959  INFO 8512 --- [    Test worker] .s.d.r.c.RepositoryConfigurationDelegate : Bootstrapping Spring Data JPA repositories in DEFAULT mode.
2020-10-28 13:57:01.248  INFO 8512 --- [    Test worker] .s.d.r.c.RepositoryConfigurationDelegate : Finished Spring Data repository scanning in 264ms. Found 3 JPA repository interfaces.
2020-10-28 13:57:03.439  INFO 8512 --- [    Test worker] trationDelegate$BeanPostProcessorChecker : Bean 'org.springframework.transaction.annotation.ProxyTransactionManagementConfiguration' of type [org.springframework.transaction.annotation.ProxyTransactionManagementConfiguration] is not eligible for getting processed by all BeanPostProcessors (for example: not eligible for auto-proxying)
2020-10-28 13:57:04.048  INFO 8512 --- [    Test worker] o.hibernate.jpa.internal.util.LogHelper  : HHH000204: Processing PersistenceUnitInfo [name: default]
2020-10-28 13:57:04.304  INFO 8512 --- [    Test worker] org.hibernate.Version                    : HHH000412: Hibernate Core {5.4.9.Final}
2020-10-28 13:57:04.430  INFO 8512 --- [    Test worker] o.hibernate.annotations.common.Version   : HCANN000001: Hibernate Commons Annotations {5.1.0.Final}
2020-10-28 13:57:04.733  INFO 8512 --- [    Test worker] com.zaxxer.hikari.HikariDataSource       : HikariPool-1 - Starting...
2020-10-28 13:57:05.371  INFO 8512 --- [    Test worker] com.zaxxer.hikari.HikariDataSource       : HikariPool-1 - Start completed.
2020-10-28 13:57:05.411  INFO 8512 --- [    Test worker] org.hibernate.dialect.Dialect            : HHH000400: Using dialect: org.hibernate.dialect.H2Dialect
2020-10-28 13:57:07.162  INFO 8512 --- [    Test worker] o.h.e.t.j.p.i.JtaPlatformInitiator       : HHH000490: Using JtaPlatform implementation: [org.hibernate.engine.transaction.jta.platform.internal.NoJtaPlatform]
2020-10-28 13:57:07.184  INFO 8512 --- [    Test worker] j.LocalContainerEntityManagerFactoryBean : Initialized JPA EntityManagerFactory for persistence unit 'default'
2020-10-28 13:57:07.337  WARN 8512 --- [    Test worker] JpaBaseConfiguration$JpaWebConfiguration : spring.jpa.open-in-view is enabled by default. Therefore, database queries may be performed during view rendering. Explicitly configure spring.jpa.open-in-view to disable this warning
2020-10-28 13:57:08.848  INFO 8512 --- [    Test worker] o.s.s.web.DefaultSecurityFilterChain     : Creating filter chain: any request, [org.springframework.security.web.context.request.async.WebAsyncManagerIntegrationFilter@31b2be7b, org.springframework.security.web.context.SecurityContextPersistenceFilter@34ce94c3, org.springframework.security.web.header.HeaderWriterFilter@20e5811d, org.springframework.security.web.authentication.logout.LogoutFilter@690647f7, org.springframework.security.web.authentication.UsernamePasswordAuthenticationFilter@794ba7d, org.springframework.security.web.authentication.ui.DefaultLoginPageGeneratingFilter@6c64fc69, org.springframework.security.web.authentication.ui.DefaultLogoutPageGeneratingFilter@57f29b29, org.springframework.security.web.authentication.www.BasicAuthenticationFilter@29dd587b, org.springframework.security.web.savedrequest.RequestCacheAwareFilter@cd665f6, org.springframework.security.web.servletapi.SecurityContextHolderAwareRequestFilter@23295caa, org.springframework.security.web.authentication.AnonymousAuthenticationFilter@1e1db98a, org.springframework.security.web.session.SessionManagementFilter@c015849, org.springframework.security.web.access.ExceptionTranslationFilter@60442cce, org.springframework.security.web.access.intercept.FilterSecurityInterceptor@6da77cb5]
2020-10-28 13:57:11.195  INFO 8512 --- [    Test worker] o.s.s.concurrent.ThreadPoolTaskExecutor  : Initializing ExecutorService 'applicationTaskExecutor'
2020-10-28 13:57:12.571  INFO 8512 --- [    Test worker] o.s.b.a.h2.H2ConsoleAutoConfiguration    : H2 console available at '/h2-console'. Database available at 'jdbc:h2:file:../quizdb'
2020-10-28 13:57:12.782  INFO 8512 --- [    Test worker] o.s.b.t.m.w.SpringBootMockServletContext : Initializing Spring TestDispatcherServlet ''
2020-10-28 13:57:12.782  INFO 8512 --- [    Test worker] o.s.t.web.servlet.TestDispatcherServlet  : Initializing Servlet ''
2020-10-28 13:57:12.810  INFO 8512 --- [    Test worker] o.s.b.a.e.web.EndpointLinksResolver      : Exposing 14 endpoint(s) beneath base path '/actuator'
2020-10-28 13:57:12.896  INFO 8512 --- [    Test worker] o.s.t.web.servlet.TestDispatcherServlet  : Completed initialization in 112 ms
2020-10-28 13:57:13.020  INFO 8512 --- [    Test worker] com.engine.UnitTestQuiz                  : Started UnitTestQuiz in 16.311 seconds (JVM running for 20.562)
]]></system-out>
  <system-err><![CDATA[]]></system-err>
</testsuite>
